<?xml version="1.0" encoding="UTF-8"?>
<!-- Generated by org.testng.reporters.JUnitXMLReporter -->
<testsuite ignored="0" hostname="Simrans-MacBook-Air.local" failures="0" tests="5" name="Regression" time="46.956" errors="0" timestamp="2022-02-02T16:50:01 EST">
  <testcase classname="testNgpro.TestNgclass" name="signup" time="11.797"/>
  <testcase classname="testNgpro.TestNgclass" name="login" time="9.606"/>
  <testcase classname="testNgpro.TestNgclass" name="laptopselect" time="9.493"/>
  <testcase classname="testNgpro.TestNgclass" name="addCartAlert" time="3.124"/>
  <testcase classname="testNgpro.TestNgclass" name="cartPage" time="3.317"/>
</testsuite> <!-- Regression -->
