<?xml version="1.0" encoding="UTF-8"?>
<!-- Generated by org.testng.reporters.JUnitXMLReporter -->
<testsuite ignored="0" hostname="Simrans-MacBook-Air.local" failures="0" tests="5" name="Default test" time="49.179" errors="0" timestamp="2022-02-02T17:40:03 EST">
  <testcase classname="testNgpro.TestNgclass" name="signup" time="11.764"/>
  <testcase classname="testNgpro.TestNgclass" name="login" time="11.646"/>
  <testcase classname="testNgpro.TestNgclass" name="laptopselect" time="9.529"/>
  <testcase classname="testNgpro.TestNgclass" name="addCartAlert" time="3.116"/>
  <testcase classname="testNgpro.TestNgclass" name="cartPage" time="3.271"/>
</testsuite> <!-- Default test -->
