<?xml version="1.0" encoding="UTF-8" ?>
<testsuite tests="8" failures="1" name="testNgpro.TestNgclass" time="3.332" errors="0" skipped="7">
  <properties>
[...]
</properties>
  <testcase classname="testNgpro.TestNgclass" name="initialsetup" time="1.664">
    <failure message="Could not start a new session. Possible causes are invalid address of the remote server or browser start-up failure." type="org.openqa.selenium.SessionNotCreatedException">org.openqa.selenium.SessionNotCreatedException: Could not start a new session. Possible causes are invalid address of the remote server or browser start-up failure.
	at org.openqa.selenium.remote.RemoteWebDriver.execute(RemoteWebDriver.java:576)
	at org.openqa.selenium.remote.RemoteWebDriver.startSession(RemoteWebDriver.java:245)
	at org.openqa.selenium.remote.RemoteWebDriver.&lt;init&gt;(RemoteWebDriver.java:161)
	at org.openqa.selenium.firefox.FirefoxDriver.&lt;init&gt;(FirefoxDriver.java:137)
	at org.openqa.selenium.firefox.FirefoxDriver.&lt;init&gt;(FirefoxDriver.java:125)
	at org.openqa.selenium.firefox.FirefoxDriver.&lt;init&gt;(FirefoxDriver.java:106)
	at testNgpro.TestNgclass.initialsetup(TestNgclass.java:35)
Caused by: org.openqa.selenium.WebDriverException: Timed out waiting for driver server to start.
Build info: version: &apos;4.1.2&apos;, revision: &apos;9a5a329c5a&apos;
System info: host: &apos;Simrans-MacBook-Air.local&apos;, ip: &apos;fe80:0:0:0:c06:7744:628a:d7a5%en0&apos;, os.name: &apos;Mac OS X&apos;, os.arch: &apos;x86_64&apos;, os.version: &apos;12.0.1&apos;, java.version: &apos;17.0.1&apos;
Driver info: driver.version: FirefoxDriver
	at org.openqa.selenium.remote.service.DriverService.start(DriverService.java:230)
	at org.openqa.selenium.remote.service.DriverCommandExecutor.execute(DriverCommandExecutor.java:98)
	at org.openqa.selenium.remote.RemoteWebDriver.execute(RemoteWebDriver.java:558)
	... 39 more
Caused by: java.util.concurrent.ExecutionException: java.io.UncheckedIOException: java.net.SocketException: Invalid argument
	at java.base/java.util.concurrent.CompletableFuture.reportGet(CompletableFuture.java:396)
	at java.base/java.util.concurrent.CompletableFuture.get(CompletableFuture.java:2096)
	at org.openqa.selenium.remote.service.DriverService.start(DriverService.java:220)
	... 41 more
Caused by: java.io.UncheckedIOException: java.net.SocketException: Invalid argument
	at org.openqa.selenium.net.PortProber.waitForPortUp(PortProber.java:117)
	at org.openqa.selenium.firefox.GeckoDriverService.waitUntilAvailable(GeckoDriverService.java:119)
	at org.openqa.selenium.remote.service.DriverService.lambda$start$1(DriverService.java:205)
	at java.base/java.util.concurrent.CompletableFuture$AsyncSupply.run(CompletableFuture.java:1768)
	at java.base/java.util.concurrent.ThreadPoolExecutor.runWorker(ThreadPoolExecutor.java:1136)
	at java.base/java.util.concurrent.ThreadPoolExecutor$Worker.run(ThreadPoolExecutor.java:635)
	at java.base/java.lang.Thread.run(Thread.java:833)
Caused by: java.net.SocketException: Invalid argument
	at java.base/sun.nio.ch.Net.connect0(Native Method)
	at java.base/sun.nio.ch.Net.connect(Net.java:579)
	at java.base/sun.nio.ch.Net.connect(Net.java:568)
	at java.base/sun.nio.ch.NioSocketImpl.connect(NioSocketImpl.java:588)
	at java.base/java.net.SocksSocketImpl.connect(SocksSocketImpl.java:327)
	at java.base/java.net.Socket.connect(Socket.java:633)
	at org.openqa.selenium.net.PortProber.waitForPortUp(PortProber.java:112)
	... 6 more
</failure>
    <system-out>Configuring TestNG with: org.apache.maven.surefire.testng.conf.TestNG652Configurator@4563e9ab
</system-out>
    <system-err>SLF4J: Failed to load class &quot;org.slf4j.impl.StaticLoggerBinder&quot;.
SLF4J: Defaulting to no-operation (NOP) logger implementation
SLF4J: See http://www.slf4j.org/codes.html#StaticLoggerBinder for further details.
ERROR StatusLogger Log4j2 could not find a logging implementation. Please add log4j-core to the classpath. Using SimpleLogger to log to the console...
</system-err>
  </testcase>
  <testcase classname="testNgpro.TestNgclass" name="openurl" time="1.666">
    <skipped/>
  </testcase>
  <testcase classname="testNgpro.TestNgclass" name="signup" time="0">
    <skipped/>
    <system-err>1644000044998	geckodriver	INFO	Listening on 127.0.0.1:50255
</system-err>
  </testcase>
  <testcase classname="testNgpro.TestNgclass" name="login" time="0">
    <skipped/>
  </testcase>
  <testcase classname="testNgpro.TestNgclass" name="laptopselect" time="0">
    <skipped/>
  </testcase>
  <testcase classname="testNgpro.TestNgclass" name="addCartAlert" time="0">
    <skipped/>
  </testcase>
  <testcase classname="testNgpro.TestNgclass" name="cartPage" time="0">
    <skipped/>
  </testcase>
  <testcase classname="testNgpro.TestNgclass" name="close" time="0.002">
    <skipped/>
  </testcase>
</testsuite>